#-----------------------------------------------------------
# Vivado v2018.2.2 (64-bit)
# SW Build 2348494 on Mon Oct  1 18:25:44 MDT 2018
# IP Build 2318053 on Mon Oct  1 21:44:26 MDT 2018
# Start of session at: Mon Dec 30 15:51:12 2019
# Process ID: 6196
# Current directory: C:/Users/QYC/Desktop/System_ability_2019/standard_MIPS_CPU/MIPSfpga_axi4_ddr
# Command line: vivado.exe -gui_launcher_event rodinguilauncherevent11672 C:\Users\QYC\Desktop\System_ability_2019\standard_MIPS_CPU\MIPSfpga_axi4_ddr\MIPSfpga_axi4_ddr.xpr
# Log file: C:/Users/QYC/Desktop/System_ability_2019/standard_MIPS_CPU/MIPSfpga_axi4_ddr/vivado.log
# Journal file: C:/Users/QYC/Desktop/System_ability_2019/standard_MIPS_CPU/MIPSfpga_axi4_ddr\vivado.jou
#-----------------------------------------------------------
start_gui
open_project C:/Users/QYC/Desktop/System_ability_2019/standard_MIPS_CPU/MIPSfpga_axi4_ddr/MIPSfpga_axi4_ddr.xpr
INFO: [Project 1-313] Project file moved from 'C:/Users/QYC/Desktop/finished/standard_MIPS_CPU/MIPSfpga_axi4_ddr' since last save.
Scanning sources...
Finished scanning sources
INFO: [IP_Flow 19-234] Refreshing IP repositories
INFO: [IP_Flow 19-1700] Loaded user IP repository 'c:/Users/QYC/Desktop/System_ability_2019/standard_MIPS_CPU/ip_repo'.
INFO: [IP_Flow 19-2313] Loaded Vivado IP repository 'C:/Xilinx/Vivado/2018.2/data/ip'.
WARNING: [IP_Flow 19-3664] IP 'MIPSfpga_system_mig_7series_0_0' generated file not found 'c:/Users/QYC/Desktop/System_ability_2019/standard_MIPS_CPU/MIPSfpga_axi4_ddr/MIPSfpga_axi4_ddr.srcs/sources_1/bd/MIPSfpga_system/ip/MIPSfpga_system_mig_7series_0_0/MIPSfpga_system_mig_7series_0_0/user_design/rtl/axi/mig_7series_v4_1_ddr_comparator_sel_static.v'. Please regenerate to continue.
WARNING: [IP_Flow 19-3664] IP 'MIPSfpga_system_mig_7series_0_0' generated file not found 'c:/Users/QYC/Desktop/System_ability_2019/standard_MIPS_CPU/MIPSfpga_axi4_ddr/MIPSfpga_axi4_ddr.srcs/sources_1/bd/MIPSfpga_system/ip/MIPSfpga_system_mig_7series_0_0/MIPSfpga_system_mig_7series_0_0/user_design/rtl/phy/mig_7series_v4_1_ddr_phy_ck_addr_cmd_delay.v'. Please regenerate to continue.
WARNING: [IP_Flow 19-3664] IP 'MIPSfpga_system_mig_7series_0_0' generated file not found 'c:/Users/QYC/Desktop/System_ability_2019/standard_MIPS_CPU/MIPSfpga_axi4_ddr/MIPSfpga_axi4_ddr.srcs/sources_1/bd/MIPSfpga_system/ip/MIPSfpga_system_mig_7series_0_0/MIPSfpga_system_mig_7series_0_0/user_design/rtl/axi/mig_7series_v4_1_ddr_comparator_sel_static.v'. Please regenerate to continue.
WARNING: [IP_Flow 19-3664] IP 'MIPSfpga_system_mig_7series_0_0' generated file not found 'c:/Users/QYC/Desktop/System_ability_2019/standard_MIPS_CPU/MIPSfpga_axi4_ddr/MIPSfpga_axi4_ddr.srcs/sources_1/bd/MIPSfpga_system/ip/MIPSfpga_system_mig_7series_0_0/MIPSfpga_system_mig_7series_0_0/user_design/rtl/phy/mig_7series_v4_1_ddr_phy_ck_addr_cmd_delay.v'. Please regenerate to continue.
open_project: Time (s): cpu = 00:00:20 ; elapsed = 00:00:13 . Memory (MB): peak = 893.895 ; gain = 160.832
update_compile_order -fileset sources_1
exit
INFO: [Common 17-206] Exiting Vivado at Mon Dec 30 15:52:57 2019...
